c:\users\awilk\desktop\projektycpp\sem4\project1\project1\debug\vc141.pdb
c:\users\awilk\desktop\projektycpp\sem4\project1\project1\debug\vc141.idb
c:\users\awilk\desktop\projektycpp\sem4\project1\project1\debug\źródło.obj
c:\users\awilk\desktop\projektycpp\sem4\project1\project1\debug\obrabiarka.obj
c:\users\awilk\desktop\projektycpp\sem4\project1\project1\debug\czas.obj
c:\users\awilk\desktop\projektycpp\sem4\project1 - obrabiarka\project1\debug\vc141.pdb
c:\users\awilk\desktop\projektycpp\sem4\project1 - obrabiarka\project1\debug\vc141.idb
c:\users\awilk\desktop\projektycpp\sem4\project1 - obrabiarka\project1\debug\źródło.obj
c:\users\awilk\desktop\projektycpp\sem4\project1 - obrabiarka\project1\debug\obrabiarka.obj
c:\users\awilk\desktop\projektycpp\sem4\project1 - obrabiarka\project1\debug\czas.obj
c:\users\awilk\desktop\projektycpp\sem4\project1\debug\project1.exe
c:\users\awilk\desktop\projektycpp\sem4\project1\debug\project1.ilk
c:\users\awilk\desktop\projektycpp\sem4\project1\debug\project1.pdb
c:\users\awilk\desktop\projektycpp\sem4\project1 - obrabiarka\debug\project1.exe
c:\users\awilk\desktop\projektycpp\sem4\project1 - obrabiarka\debug\project1.ilk
c:\users\awilk\desktop\projektycpp\sem4\project1 - obrabiarka\debug\project1.pdb
c:\users\awilk\desktop\projektycpp\sem4\project1 - obrabiarka\project1\debug\czas.obj.enc
c:\users\awilk\desktop\projektycpp\sem4\project1 - obrabiarka\project1\debug\źródło.obj.enc
c:\users\awilk\desktop\projektycpp\sem4\project1 - obrabiarka\project1\debug\project1.tlog\cl.command.1.tlog
c:\users\awilk\desktop\projektycpp\sem4\project1 - obrabiarka\project1\debug\project1.tlog\cl.read.1.tlog
c:\users\awilk\desktop\projektycpp\sem4\project1 - obrabiarka\project1\debug\project1.tlog\cl.write.1.tlog
c:\users\awilk\desktop\projektycpp\sem4\project1 - obrabiarka\project1\debug\project1.tlog\link.command.1.tlog
c:\users\awilk\desktop\projektycpp\sem4\project1 - obrabiarka\project1\debug\project1.tlog\link.read.1.tlog
c:\users\awilk\desktop\projektycpp\sem4\project1 - obrabiarka\project1\debug\project1.tlog\link.write.1.tlog
